Determining if the pthread_create exist failed with the following output:
Change Dir: /home/trobot/robot_ws/build/CMakeFiles/CMakeTmp

Run Build Command:/usr/bin/make "cmTryCompileExec664242583/fast"
/usr/bin/make -f CMakeFiles/cmTryCompileExec664242583.dir/build.make CMakeFiles/cmTryCompileExec664242583.dir/build
make[1]: Entering directory `/home/trobot/robot_ws/build/CMakeFiles/CMakeTmp'
/usr/bin/cmake -E cmake_progress_report /home/trobot/robot_ws/build/CMakeFiles/CMakeTmp/CMakeFiles 1
Building C object CMakeFiles/cmTryCompileExec664242583.dir/CheckSymbolExists.c.o
/usr/bin/cc    -o CMakeFiles/cmTryCompileExec664242583.dir/CheckSymbolExists.c.o   -c /home/trobot/robot_ws/build/CMakeFiles/CMakeTmp/CheckSymbolExists.c
Linking C executable cmTryCompileExec664242583
/usr/bin/cmake -E cmake_link_script CMakeFiles/cmTryCompileExec664242583.dir/link.txt --verbose=1
/usr/bin/cc       CMakeFiles/cmTryCompileExec664242583.dir/CheckSymbolExists.c.o  -o cmTryCompileExec664242583 -rdynamic 
CMakeFiles/cmTryCompileExec664242583.dir/CheckSymbolExists.c.o: In function `main':
CheckSymbolExists.c:(.text+0x16): undefined reference to `pthread_create'
collect2: error: ld returned 1 exit status
make[1]: *** [cmTryCompileExec664242583] Error 1
make[1]: Leaving directory `/home/trobot/robot_ws/build/CMakeFiles/CMakeTmp'
make: *** [cmTryCompileExec664242583/fast] Error 2

File /home/trobot/robot_ws/build/CMakeFiles/CMakeTmp/CheckSymbolExists.c:
/* */
#include <pthread.h>

int main(int argc, char** argv)
{
  (void)argv;
#ifndef pthread_create
  return ((int*)(&pthread_create))[argc];
#else
  (void)argc;
  return 0;
#endif
}

Determining if the function pthread_create exists in the pthreads failed with the following output:
Change Dir: /home/trobot/robot_ws/build/CMakeFiles/CMakeTmp

Run Build Command:/usr/bin/make "cmTryCompileExec1381821159/fast"
/usr/bin/make -f CMakeFiles/cmTryCompileExec1381821159.dir/build.make CMakeFiles/cmTryCompileExec1381821159.dir/build
make[1]: Entering directory `/home/trobot/robot_ws/build/CMakeFiles/CMakeTmp'
/usr/bin/cmake -E cmake_progress_report /home/trobot/robot_ws/build/CMakeFiles/CMakeTmp/CMakeFiles 1
Building C object CMakeFiles/cmTryCompileExec1381821159.dir/CheckFunctionExists.c.o
/usr/bin/cc   -DCHECK_FUNCTION_EXISTS=pthread_create   -o CMakeFiles/cmTryCompileExec1381821159.dir/CheckFunctionExists.c.o   -c /usr/share/cmake-2.8/Modules/CheckFunctionExists.c
Linking C executable cmTryCompileExec1381821159
/usr/bin/cmake -E cmake_link_script CMakeFiles/cmTryCompileExec1381821159.dir/link.txt --verbose=1
/usr/bin/cc   -DCHECK_FUNCTION_EXISTS=pthread_create    CMakeFiles/cmTryCompileExec1381821159.dir/CheckFunctionExists.c.o  -o cmTryCompileExec1381821159 -rdynamic -lpthreads 
/usr/bin/ld: cannot find -lpthreads
collect2: error: ld returned 1 exit status
make[1]: *** [cmTryCompileExec1381821159] Error 1
make[1]: Leaving directory `/home/trobot/robot_ws/build/CMakeFiles/CMakeTmp'
make: *** [cmTryCompileExec1381821159/fast] Error 2


Determining if the include file pgm.h exists failed with the following output:
Change Dir: /home/trobot/robot_ws/build/CMakeFiles/CMakeTmp

Run Build Command:/usr/bin/make "cmTryCompileExec845949338/fast"
/usr/bin/make -f CMakeFiles/cmTryCompileExec845949338.dir/build.make CMakeFiles/cmTryCompileExec845949338.dir/build
make[1]: Entering directory `/home/trobot/robot_ws/build/CMakeFiles/CMakeTmp'
/usr/bin/cmake -E cmake_progress_report /home/trobot/robot_ws/build/CMakeFiles/CMakeTmp/CMakeFiles 1
Building CXX object CMakeFiles/cmTryCompileExec845949338.dir/CheckIncludeFile.cxx.o
/usr/bin/c++    -Wno-deprecated    -o CMakeFiles/cmTryCompileExec845949338.dir/CheckIncludeFile.cxx.o -c /home/trobot/robot_ws/build/CMakeFiles/CMakeTmp/CheckIncludeFile.cxx
/home/trobot/robot_ws/build/CMakeFiles/CMakeTmp/CheckIncludeFile.cxx:1:17: fatal error: pgm.h: No such file or directory
 #include <pgm.h>
                 ^
compilation terminated.
make[1]: *** [CMakeFiles/cmTryCompileExec845949338.dir/CheckIncludeFile.cxx.o] Error 1
make[1]: Leaving directory `/home/trobot/robot_ws/build/CMakeFiles/CMakeTmp'
make: *** [cmTryCompileExec845949338/fast] Error 2


